<?xml version="1.0" encoding="UTF-8"?>
<!-- Generated by org.testng.reporters.JUnitReportReporter -->
<testsuite hostname="Freedom" failures="0" tests="1" name="com.qa.rakuten.tests.HomePageTest" time="16.936" errors="0" timestamp="2022-05-14T23:59:53 IST" skipped="0">
  <testcase classname="com.qa.rakuten.tests.HomePageTest" name="verifyName" time="16.936"/>
  <system-out/>
</testsuite> <!-- com.qa.rakuten.tests.HomePageTest -->
