<?xml version="1.0" encoding="UTF-8"?>
<!-- Generated by org.testng.reporters.JUnitReportReporter -->
<testsuite hostname="Freedom" failures="0" tests="1" name="com.qa.rakuten.tests.MyAccountPageTest" time="34.897" errors="0" timestamp="2022-05-15T00:22:54 IST" skipped="0">
  <testcase classname="com.qa.rakuten.tests.MyAccountPageTest" name="verifyName" time="34.897"/>
  <system-out/>
</testsuite> <!-- com.qa.rakuten.tests.MyAccountPageTest -->
