<?xml version="1.0" encoding="UTF-8"?>
<!-- Generated by org.testng.reporters.JUnitReportReporter -->
<testsuite hostname="Freedom" failures="0" tests="1" name="com.qa.rakuten.tests.SignUpPageTest" time="18.889" errors="0" timestamp="2022-05-13T19:47:07 IST" skipped="0">
  <testcase classname="com.qa.rakuten.tests.SignUpPageTest" name="one" time="18.889"/>
  <system-out/>
</testsuite> <!-- com.qa.rakuten.tests.SignUpPageTest -->
