<?xml version="1.0" encoding="UTF-8"?>
<!-- Generated by org.testng.reporters.JUnitReportReporter -->
<testsuite hostname="Freedom" failures="0" tests="1" name="com.qa.rakuten.tests.WelcomePageTest" time="15.038" errors="0" timestamp="2022-05-14T23:43:06 IST" skipped="0">
  <testcase classname="com.qa.rakuten.tests.WelcomePageTest" name="welcomePageClickOnJoinButtonTest" time="15.038"/>
  <system-out/>
</testsuite> <!-- com.qa.rakuten.tests.WelcomePageTest -->
