<?xml version="1.0" encoding="UTF-8"?>
<!-- Generated by org.testng.reporters.JUnitReportReporter -->
<testsuite hostname="Freedom" failures="0" tests="2" name="com.qa.rakuten.tests.PointsActivityPageTest" time="75.400" errors="0" timestamp="2022-05-15T13:25:56 IST" skipped="0">
  <testcase classname="com.qa.rakuten.tests.PointsActivityPageTest" name="userAvailablePointsTest" time="37.436"/>
  <system-out/>
  <testcase classname="com.qa.rakuten.tests.PointsActivityPageTest" name="userPendingPointsTest" time="37.964"/>
  <system-out/>
</testsuite> <!-- com.qa.rakuten.tests.PointsActivityPageTest -->
